# JRE version: Java(TM) SE Runtime Environment (21.0.1+12) (build 21.0.1+12-LTS-29)
# Java VM: Java HotSpot(TM) 64-Bit Server VM (21.0.1+12-LTS-29, mixed mode, emulated-client, sharing, tiered, compressed oops, compressed class ptrs, g1 gc, windows-amd64)
GC Precious Log:
 CardTable entry size: 512
 Card Set container configuration: InlinePtr #cards 4 size 8 Array Of Cards #cards 16 size 48 Howl #buckets 8 coarsen threshold 3686 Howl Bitmap #cards 512 size 80 coarsen threshold 460 Card regions per heap region 1 cards per card region 4096
 CPUs: 16 total, 16 available
 Memory: 16085M
 Large Page Support: Disabled
 NUMA Support: Disabled
 Compressed Oops: Enabled (Zero based)
 Heap Region Size: 2M
 Heap Min Capacity: 8M
 Heap Initial Capacity: 252M
 Heap Max Capacity: 4022M
 Pre-touch: Disabled
 Parallel Workers: 13
 Concurrent Workers: 3
 Concurrent Refinement Workers: 13
 Periodic GC: Disabled
Heap:
 garbage-first heap   total 51200K, used 48162K [0x0000000704a00000, 0x0000000800000000)
  region size 2048K, 19 young (38912K), 1 survivors (2048K)
 Metaspace       used 29943K, committed 30464K, reserved 1114112K
  class space    used 4056K, committed 4288K, reserved 1048576K
GC Heap History (13 events):
Event: 0.373 GC heap before
{Heap before GC invocations=0 (full 0):
 garbage-first heap   total 258048K, used 20480K [0x0000000704a00000, 0x0000000800000000)
  region size 2048K, 11 young (22528K), 0 survivors (0K)
 Metaspace       used 3919K, committed 4032K, reserved 1114112K
  class space    used 516K, committed 576K, reserved 1048576K
}
Event: 0.376 GC heap after
{Heap after GC invocations=1 (full 0):
 garbage-first heap   total 258048K, used 4702K [0x0000000704a00000, 0x0000000800000000)
  region size 2048K, 2 young (4096K), 2 survivors (4096K)
 Metaspace       used 3919K, committed 4032K, reserved 1114112K
  class space    used 516K, committed 576K, reserved 1048576K
}
Event: 0.731 GC heap before
{Heap before GC invocations=1 (full 0):
 garbage-first heap   total 258048K, used 35422K [0x0000000704a00000, 0x0000000800000000)
  region size 2048K, 17 young (34816K), 2 survivors (4096K)
 Metaspace       used 10039K, committed 10432K, reserved 1114112K
  class space    used 1511K, committed 1728K, reserved 1048576K
}
Event: 0.735 GC heap after
{Heap after GC invocations=2 (full 0):
 garbage-first heap   total 258048K, used 7946K [0x0000000704a00000, 0x0000000800000000)
  region size 2048K, 2 young (4096K), 2 survivors (4096K)
 Metaspace       used 10039K, committed 10432K, reserved 1114112K
  class space    used 1511K, committed 1728K, reserved 1048576K
}
Event: 0.795 GC heap before
{Heap before GC invocations=2 (full 0):
 garbage-first heap   total 258048K, used 20234K [0x0000000704a00000, 0x0000000800000000)
  region size 2048K, 9 young (18432K), 2 survivors (4096K)
 Metaspace       used 12860K, committed 13248K, reserved 1114112K
  class space    used 1834K, committed 1984K, reserved 1048576K
}
Event: 0.797 GC heap after
{Heap after GC invocations=3 (full 0):
 garbage-first heap   total 258048K, used 8238K [0x0000000704a00000, 0x0000000800000000)
  region size 2048K, 2 young (4096K), 2 survivors (4096K)
 Metaspace       used 12860K, committed 13248K, reserved 1114112K
  class space    used 1834K, committed 1984K, reserved 1048576K
}
Event: 1.040 GC heap before
{Heap before GC invocations=4 (full 0):
 garbage-first heap   total 40960K, used 38958K [0x0000000704a00000, 0x0000000800000000)
  region size 2048K, 17 young (34816K), 2 survivors (4096K)
 Metaspace       used 17570K, committed 17984K, reserved 1114112K
  class space    used 2471K, committed 2688K, reserved 1048576K
}
Event: 1.043 GC heap after
{Heap after GC invocations=5 (full 0):
 garbage-first heap   total 47104K, used 9649K [0x0000000704a00000, 0x0000000800000000)
  region size 2048K, 3 young (6144K), 3 survivors (6144K)
 Metaspace       used 17570K, committed 17984K, reserved 1114112K
  class space    used 2471K, committed 2688K, reserved 1048576K
}
Event: 1.209 GC heap before
{Heap before GC invocations=5 (full 0):
 garbage-first heap   total 47104K, used 30129K [0x0000000704a00000, 0x0000000800000000)
  region size 2048K, 13 young (26624K), 3 survivors (6144K)
 Metaspace       used 19289K, committed 19776K, reserved 1114112K
  class space    used 2719K, committed 2944K, reserved 1048576K
}
Event: 1.213 GC heap after
{Heap after GC invocations=6 (full 0):
 garbage-first heap   total 47104K, used 10876K [0x0000000704a00000, 0x0000000800000000)
  region size 2048K, 2 young (4096K), 2 survivors (4096K)
 Metaspace       used 19289K, committed 19776K, reserved 1114112K
  class space    used 2719K, committed 2944K, reserved 1048576K
}
Event: 1.331 GC heap before
{Heap before GC invocations=6 (full 0):
 garbage-first heap   total 47104K, used 23164K [0x0000000704a00000, 0x0000000800000000)
  region size 2048K, 9 young (18432K), 2 survivors (4096K)
 Metaspace       used 21848K, committed 22336K, reserved 1114112K
  class space    used 2988K, committed 3200K, reserved 1048576K
}
Event: 1.335 GC heap after
{Heap after GC invocations=7 (full 0):
 garbage-first heap   total 153600K, used 11298K [0x0000000704a00000, 0x0000000800000000)
  region size 2048K, 1 young (2048K), 1 survivors (2048K)
 Metaspace       used 21848K, committed 22336K, reserved 1114112K
  class space    used 2988K, committed 3200K, reserved 1048576K
}
Event: 1.658 GC heap before
{Heap before GC invocations=8 (full 0):
 garbage-first heap   total 49152K, used 48162K [0x0000000704a00000, 0x0000000800000000)
  region size 2048K, 19 young (38912K), 1 survivors (2048K)
 Metaspace       used 29943K, committed 30464K, reserved 1114112K
  class space    used 4056K, committed 4288K, reserved 1048576K
}

